#################################################################
# If you used AutoDock Vina in your work, please cite:          #
#                                                               #
# O. Trott, A. J. Olson,                                        #
# AutoDock Vina: improving the speed and accuracy of docking    #
# with a new scoring function, efficient optimization and       #
# multithreading, Journal of Computational Chemistry 31 (2010)  #
# 455-461                                                       #
#                                                               #
# DOI 10.1002/jcc.21334                                         #
#                                                               #
# Please see http://vina.scripps.edu for more information.      #
#################################################################

WARNING: The search space volume > 27000 Angstrom^3 (See FAQ)
Output will be 33_out.pdbqt
Detected 4 CPUs
Reading input ... done.
Setting up the scoring function ... done.
Analyzing the binding site ... done.
Using random seed: -1859957394
Performing search ... done.
Refining results ... done.

mode |   affinity | dist from best mode
     | (kcal/mol) | rmsd l.b.| rmsd u.b.
-----+------------+----------+----------
   1         -9.4      0.000      0.000
   2         -8.3      2.981      5.977
   3         -7.7     13.825     17.453
   4         -7.7      2.632     11.342
   5         -7.7      2.319      3.179
   6         -7.7      1.714      2.422
   7         -7.6     13.559     17.208
   8         -7.5      1.736      3.297
   9         -7.4      1.314      2.257
  10         -7.3      3.715      7.100
Writing output ... done.
