#################################################################
# If you used AutoDock Vina in your work, please cite:          #
#                                                               #
# O. Trott, A. J. Olson,                                        #
# AutoDock Vina: improving the speed and accuracy of docking    #
# with a new scoring function, efficient optimization and       #
# multithreading, Journal of Computational Chemistry 31 (2010)  #
# 455-461                                                       #
#                                                               #
# DOI 10.1002/jcc.21334                                         #
#                                                               #
# Please see http://vina.scripps.edu for more information.      #
#################################################################

WARNING: The search space volume > 27000 Angstrom^3 (See FAQ)
Output will be 74_out.pdbqt
Detected 4 CPUs
Reading input ... done.
Setting up the scoring function ... done.
Analyzing the binding site ... done.
Using random seed: 1899618057
Performing search ... done.
Refining results ... done.

mode |   affinity | dist from best mode
     | (kcal/mol) | rmsd l.b.| rmsd u.b.
-----+------------+----------+----------
   1         -7.4      0.000      0.000
   2         -7.2     12.869     15.993
   3         -7.2      1.581      1.922
   4         -7.0     17.231     21.383
   5         -6.9     14.001     16.503
   6         -6.8     18.703     21.287
   7         -6.7     12.958     15.337
   8         -6.7     35.865     39.229
   9         -6.7      2.863      4.503
  10         -6.3     33.617     35.662
Writing output ... done.
