#################################################################
# If you used AutoDock Vina in your work, please cite:          #
#                                                               #
# O. Trott, A. J. Olson,                                        #
# AutoDock Vina: improving the speed and accuracy of docking    #
# with a new scoring function, efficient optimization and       #
# multithreading, Journal of Computational Chemistry 31 (2010)  #
# 455-461                                                       #
#                                                               #
# DOI 10.1002/jcc.21334                                         #
#                                                               #
# Please see http://vina.scripps.edu for more information.      #
#################################################################

WARNING: The search space volume > 27000 Angstrom^3 (See FAQ)
Output will be asp_43_out.pdbqt
Detected 4 CPUs
Reading input ... done.
Setting up the scoring function ... done.
Analyzing the binding site ... done.
Using random seed: -744038976
Performing search ... done.
Refining results ... done.

mode |   affinity | dist from best mode
     | (kcal/mol) | rmsd l.b.| rmsd u.b.
-----+------------+----------+----------
   1         -4.9      0.000      0.000
   2         -4.7     17.969     21.404
   3         -4.6     22.356     23.967
   4         -4.5     18.621     21.483
   5         -4.5     18.596     21.350
   6         -4.4     22.700     24.814
   7         -4.4     18.277     20.901
   8         -4.3     17.412     20.498
   9         -4.3     16.067     19.176
  10         -4.3     17.442     19.268
Writing output ... done.
