#################################################################
# If you used AutoDock Vina in your work, please cite:          #
#                                                               #
# O. Trott, A. J. Olson,                                        #
# AutoDock Vina: improving the speed and accuracy of docking    #
# with a new scoring function, efficient optimization and       #
# multithreading, Journal of Computational Chemistry 31 (2010)  #
# 455-461                                                       #
#                                                               #
# DOI 10.1002/jcc.21334                                         #
#                                                               #
# Please see http://vina.scripps.edu for more information.      #
#################################################################

WARNING: The search space volume > 27000 Angstrom^3 (See FAQ)
Output will be asp_24_out.pdbqt
Detected 4 CPUs
Reading input ... done.
Setting up the scoring function ... done.
Analyzing the binding site ... done.
Using random seed: -163446948
Performing search ... done.
Refining results ... done.

mode |   affinity | dist from best mode
     | (kcal/mol) | rmsd l.b.| rmsd u.b.
-----+------------+----------+----------
   1         -4.8      0.000      0.000
   2         -4.7     16.055     18.320
   3         -4.6     16.800     19.173
   4         -4.6     22.491     23.605
   5         -4.5     12.463     13.708
   6         -4.5      2.150      5.467
   7         -4.4     22.514     23.892
   8         -4.2     20.448     22.310
   9         -4.2      8.908      9.840
  10         -4.2     12.792     13.805
Writing output ... done.
