#################################################################
# If you used AutoDock Vina in your work, please cite:          #
#                                                               #
# O. Trott, A. J. Olson,                                        #
# AutoDock Vina: improving the speed and accuracy of docking    #
# with a new scoring function, efficient optimization and       #
# multithreading, Journal of Computational Chemistry 31 (2010)  #
# 455-461                                                       #
#                                                               #
# DOI 10.1002/jcc.21334                                         #
#                                                               #
# Please see http://vina.scripps.edu for more information.      #
#################################################################

WARNING: The search space volume > 27000 Angstrom^3 (See FAQ)
Output will be asp_30_out.pdbqt
Detected 4 CPUs
Reading input ... done.
Setting up the scoring function ... done.
Analyzing the binding site ... done.
Using random seed: -1735768000
Performing search ... done.
Refining results ... done.

mode |   affinity | dist from best mode
     | (kcal/mol) | rmsd l.b.| rmsd u.b.
-----+------------+----------+----------
   1         -4.9      0.000      0.000
   2         -4.8      1.781      2.030
   3         -4.7     29.288     30.776
   4         -4.7     12.197     14.195
   5         -4.7     16.978     19.394
   6         -4.5      2.554      6.692
   7         -4.5      2.175      3.485
   8         -4.4     11.008     13.222
   9         -4.3     18.042     20.884
  10         -4.3     16.151     19.300
Writing output ... done.
